Arguments: 
  /usr/local/Cellar/node/14.3.0_1/bin/node /usr/local/Cellar/yarn/1.22.4/libexec/bin/yarn.js install

PATH: 
  /Users/nie/.composer/vendor/bin:/usr/local/sbin:/usr/local/bin:/usr/bin:/bin:/usr/sbin:/sbin:/Applications/VMware Fusion.app/Contents/Public:/usr/local/share/dotnet:~/.dotnet/tools:/Library/Apple/usr/bin:/Library/Frameworks/Mono.framework/Versions/Current/Commands:/Applications/Wireshark.app/Contents/MacOS:/Users/nie/Projects/flutter/bin

Yarn version: 
  1.22.4

Node version: 
  14.3.0

Platform: 
  darwin x64

Trace: 
  Error: https://registry.yarnpkg.com/async: ESOCKETTIMEDOUT
      at ClientRequest.<anonymous> (/usr/local/Cellar/yarn/1.22.4/libexec/lib/cli.js:141375:19)
      at Object.onceWrapper (events.js:421:28)
      at ClientRequest.emit (events.js:315:20)
      at TLSSocket.emitRequestTimeout (_http_client.js:768:9)
      at Object.onceWrapper (events.js:421:28)
      at TLSSocket.emit (events.js:327:22)
      at TLSSocket.Socket._onTimeout (net.js:480:8)
      at listOnTimeout (internal/timers.js:549:17)
      at processTimers (internal/timers.js:492:7)

npm manifest: 
  {
    "name": "materialize-admin-template",
    "version": "6.0.0",
    "description": "Materialize - Material Design Admin Template",
    "author": "PIXINVENT",
    "repository": {
      "type": "git",
      "url": "git@gitlab.com:pixinvent/materialize-admin.git"
    },
    "license": "Themeforest Standard Licenses",
    "private": true,
    "homepage": "https://pixinvent.com/materialize-material-design-admin-template/landing/",
    "main": "gulpfile.js",
    "dependencies": {
      "async": "^3.1.0",
      "gulp-cli": "^2.2.0",
      "gulp-html-beautify": "^1.0.1",
      "gulp-w3c-html-validator": "^1.4.4",
      "merge-stream": "^2.0.0",
      "node-notifier": "^5.4.3",
      "through2": "^3.0.1"
    },
    "devDependencies": {
      "gulp": "^4.0.2",
      "gulp-autoprefixer": "^7.0.0",
      "gulp-clean": "^0.4.0",
      "gulp-copy": "^4.0.1",
      "gulp-csscomb": "^3.0.8",
      "gulp-cssmin": "^0.2.0",
      "gulp-multistream": "^0.1.2",
      "gulp-plumber": "^1.1.0",
      "gulp-pug": "^4.0.1",
      "gulp-rename": "^1.2.2",
      "gulp-replace": "^1.0.0",
      "gulp-rtlcss": "^1.0.0",
      "gulp-sass": "^4.0.2",
      "gulp-uglify": "^3.0.0",
      "gulp-util": "^3.0.8",
      "gulp-w3cjs": "^1.3.0",
      "gulp-watch": "^5.0.1",
      "minimist": "^1.2.0",
      "pug": "^2.0.0-rc.4"
    },
    "scripts": {
      "test": "echo \"Error: no test specified\" && exit 1"
    },
    "browserslist": [
      "> 1%",
      "ie >= 8",
      "edge >= 15",
      "ie_mob >= 10",
      "ff >= 45",
      "chrome >= 45",
      "safari >= 7",
      "opera >= 23",
      "ios >= 7",
      "android >= 4",
      "bb >= 10"
    ]
  }

yarn manifest: 
  No manifest

Lockfile: 
  No lockfile
